<?xml version="1.0" encoding="UTF-8"?>
<!-- Generated by org.testng.reporters.JUnitReportReporter -->
<testsuite hostname="DESKTOP-6UP9H2L" failures="0" tests="2" name="testNgGroupingXml.Test4" time="0.032" errors="0" timestamp="2022-11-19T12:04:27 IST" skipped="0">
  <testcase classname="testNgGroupingXml.Test4" name="G" time="0.019"/>
  <system-out>
    <![CDATA[G method is runing]]>
  </system-out>
  <testcase classname="testNgGroupingXml.Test4" name="I" time="0.013"/>
  <system-out>
    <![CDATA[I method is runing]]>
  </system-out>
</testsuite> <!-- testNgGroupingXml.Test4 -->
