<?xml version="1.0" encoding="UTF-8"?>
<!-- Generated by org.testng.reporters.JUnitReportReporter -->
<testsuite hostname="DESKTOP-6UP9H2L" failures="0" tests="4" name="TestNG.MyFirstclass1" time="0.052" errors="0" timestamp="2022-11-19T11:20:45 IST" skipped="0">
  <testcase classname="TestNG.MyFirstclass1" name="D" time="0.021"/>
  <system-out>
    <![CDATA[D method is runing]]>
  </system-out>
  <testcase classname="TestNG.MyFirstclass1" name="B" time="0.005"/>
  <system-out>
    <![CDATA[B method is runing]]>
  </system-out>
  <testcase classname="TestNG.MyFirstclass1" name="A" time="0.016"/>
  <system-out>
    <![CDATA[A method is runing]]>
  </system-out>
  <testcase classname="TestNG.MyFirstclass1" name="C" time="0.010"/>
  <system-out>
    <![CDATA[C method is runing]]>
  </system-out>
</testsuite> <!-- TestNG.MyFirstclass1 -->
