<?xml version="1.0" encoding="UTF-8"?>
<!-- Generated by org.testng.reporters.JUnitReportReporter -->
<testsuite hostname="DESKTOP-6UP9H2L" failures="0" tests="1" name="TestNG.NewTest1" time="0.011" errors="0" timestamp="2022-11-17T17:40:39 IST" skipped="0">
  <testcase classname="TestNG.NewTest1" name="ValidateUID" time="0.011"/>
  <system-out>
    <![CDATA[UserId ]]>
  </system-out>
</testsuite> <!-- TestNG.NewTest1 -->
