<?xml version="1.0" encoding="UTF-8"?>
<!-- Generated by org.testng.reporters.JUnitReportReporter -->
<testsuite hostname="DESKTOP-6UP9H2L" failures="0" tests="1" name="parallelTestNg.NewTest1" time="9.899" errors="0" timestamp="2022-11-19T11:47:58 IST" skipped="0">
  <testcase classname="parallelTestNg.NewTest1" name="f" time="9.899"/>
  <system-out/>
</testsuite> <!-- parallelTestNg.NewTest1 -->
