<?xml version="1.0" encoding="UTF-8"?>
<!-- Generated by org.testng.reporters.JUnitReportReporter -->
<testsuite hostname="DESKTOP-6UP9H2L" failures="0" tests="1" name="testNgGroupingXml.Test3" time="0.025" errors="0" timestamp="2022-11-19T12:08:13 IST" skipped="0">
  <testcase classname="testNgGroupingXml.Test3" name="A" time="0.025"/>
  <system-out>
    <![CDATA[A method is runing]]>
  </system-out>
</testsuite> <!-- testNgGroupingXml.Test3 -->
